<?xml version="1.0" encoding="UTF-8"?>
<testsuites>
  <testsuite id="0" name="/Users/tharunkumarkanthasamy/Documents/mail-app-react/src/test/trash.spec.js" errors="0" package="/Users/tharunkumarkanthasamy/Documents/mail-app-react/src/test/trash.spec.js" hostname="localhost" tests="4" failures="0" time="2.651" timestamp="2019-12-28T12:07:22">
    <properties>
    </properties>
    <testcase classname="sent reducers" name="returns proper initial state" time="0">
    </testcase>
    <testcase classname="sent reducers" name="READ_TRASH_MAIL" time="0">
    </testcase>
    <testcase classname="sent reducers" name="STORE_TRASH_MAIL" time="0">
    </testcase>
    <testcase classname="sent reducers" name="RESTORE_TRASH_MAIL" time="0">
    </testcase>
    <system-out/>
    <system-err/>
  </testsuite>
</testsuites>